<?xml version="1.0" encoding="UTF-8"?>
<testsuite xmlns:xsi="http://www.w3.org/2001/XMLSchema-instance" xsi:noNamespaceSchemaLocation="https://maven.apache.org/surefire/maven-surefire-plugin/xsd/surefire-test-report-3.0.xsd" version="3.0" name="TestSuite" time="15.823" tests="1" errors="0" skipped="0" failures="0">
  <properties>
    <property name="java.specification.version" value="17"/>
    <property name="webdriver.chrome.driver" value="/Users/nirmalsahu/Documents/Selenium Set Up/chromedriver"/>
    <property name="sun.jnu.encoding" value="UTF-8"/>
    <property name="java.class.path" value="/Users/nirmalsahu/eclipse-workspace/CucumberSelenium/target/test-classes:/Users/nirmalsahu/eclipse-workspace/CucumberSelenium/target/classes:/Users/nirmalsahu/.m2/repository/io/cucumber/cucumber-java/7.8.0/cucumber-java-7.8.0.jar:/Users/nirmalsahu/.m2/repository/io/cucumber/cucumber-core/7.8.0/cucumber-core-7.8.0.jar:/Users/nirmalsahu/.m2/repository/io/cucumber/cucumber-gherkin/7.8.0/cucumber-gherkin-7.8.0.jar:/Users/nirmalsahu/.m2/repository/io/cucumber/cucumber-gherkin-messages/7.8.0/cucumber-gherkin-messages-7.8.0.jar:/Users/nirmalsahu/.m2/repository/io/cucumber/gherkin/24.0.0/gherkin-24.0.0.jar:/Users/nirmalsahu/.m2/repository/io/cucumber/messages/19.1.2/messages-19.1.2.jar:/Users/nirmalsahu/.m2/repository/io/cucumber/tag-expressions/4.1.0/tag-expressions-4.1.0.jar:/Users/nirmalsahu/.m2/repository/io/cucumber/cucumber-expressions/16.0.0/cucumber-expressions-16.0.0.jar:/Users/nirmalsahu/.m2/repository/io/cucumber/datatable/7.8.0/datatable-7.8.0.jar:/Users/nirmalsahu/.m2/repository/io/cucumber/cucumber-plugin/7.8.0/cucumber-plugin-7.8.0.jar:/Users/nirmalsahu/.m2/repository/io/cucumber/docstring/7.8.0/docstring-7.8.0.jar:/Users/nirmalsahu/.m2/repository/io/cucumber/html-formatter/20.1.0/html-formatter-20.1.0.jar:/Users/nirmalsahu/.m2/repository/io/cucumber/ci-environment/9.1.0/ci-environment-9.1.0.jar:/Users/nirmalsahu/.m2/repository/org/apiguardian/apiguardian-api/1.1.2/apiguardian-api-1.1.2.jar:/Users/nirmalsahu/.m2/repository/io/cucumber/cucumber-testng/7.8.0/cucumber-testng-7.8.0.jar:/Users/nirmalsahu/.m2/repository/org/testng/testng/7.6.1/testng-7.6.1.jar:/Users/nirmalsahu/.m2/repository/com/google/code/findbugs/jsr305/3.0.2/jsr305-3.0.2.jar:/Users/nirmalsahu/.m2/repository/org/slf4j/slf4j-api/1.7.36/slf4j-api-1.7.36.jar:/Users/nirmalsahu/.m2/repository/com/beust/jcommander/1.82/jcommander-1.82.jar:/Users/nirmalsahu/.m2/repository/org/webjars/jquery/3.6.0/jquery-3.6.0.jar:/Users/nirmalsahu/.m2/repository/org/seleniumhq/selenium/selenium-java/4.4.0/selenium-java-4.4.0.jar:/Users/nirmalsahu/.m2/repository/org/seleniumhq/selenium/selenium-api/4.4.0/selenium-api-4.4.0.jar:/Users/nirmalsahu/.m2/repository/org/seleniumhq/selenium/selenium-chrome-driver/4.4.0/selenium-chrome-driver-4.4.0.jar:/Users/nirmalsahu/.m2/repository/com/google/auto/service/auto-service-annotations/1.0.1/auto-service-annotations-1.0.1.jar:/Users/nirmalsahu/.m2/repository/com/google/auto/service/auto-service/1.0.1/auto-service-1.0.1.jar:/Users/nirmalsahu/.m2/repository/com/google/auto/auto-common/1.2/auto-common-1.2.jar:/Users/nirmalsahu/.m2/repository/com/google/guava/guava/31.1-jre/guava-31.1-jre.jar:/Users/nirmalsahu/.m2/repository/com/google/guava/failureaccess/1.0.1/failureaccess-1.0.1.jar:/Users/nirmalsahu/.m2/repository/com/google/guava/listenablefuture/9999.0-empty-to-avoid-conflict-with-guava/listenablefuture-9999.0-empty-to-avoid-conflict-with-guava.jar:/Users/nirmalsahu/.m2/repository/org/checkerframework/checker-qual/3.12.0/checker-qual-3.12.0.jar:/Users/nirmalsahu/.m2/repository/com/google/errorprone/error_prone_annotations/2.11.0/error_prone_annotations-2.11.0.jar:/Users/nirmalsahu/.m2/repository/com/google/j2objc/j2objc-annotations/1.3/j2objc-annotations-1.3.jar:/Users/nirmalsahu/.m2/repository/org/seleniumhq/selenium/selenium-chromium-driver/4.4.0/selenium-chromium-driver-4.4.0.jar:/Users/nirmalsahu/.m2/repository/org/seleniumhq/selenium/selenium-json/4.4.0/selenium-json-4.4.0.jar:/Users/nirmalsahu/.m2/repository/org/seleniumhq/selenium/selenium-devtools-v102/4.4.0/selenium-devtools-v102-4.4.0.jar:/Users/nirmalsahu/.m2/repository/org/seleniumhq/selenium/selenium-devtools-v103/4.4.0/selenium-devtools-v103-4.4.0.jar:/Users/nirmalsahu/.m2/repository/org/seleniumhq/selenium/selenium-devtools-v104/4.4.0/selenium-devtools-v104-4.4.0.jar:/Users/nirmalsahu/.m2/repository/org/seleniumhq/selenium/selenium-devtools-v85/4.4.0/selenium-devtools-v85-4.4.0.jar:/Users/nirmalsahu/.m2/repository/org/seleniumhq/selenium/selenium-edge-driver/4.4.0/selenium-edge-driver-4.4.0.jar:/Users/nirmalsahu/.m2/repository/org/seleniumhq/selenium/selenium-firefox-driver/4.4.0/selenium-firefox-driver-4.4.0.jar:/Users/nirmalsahu/.m2/repository/org/seleniumhq/selenium/selenium-ie-driver/4.4.0/selenium-ie-driver-4.4.0.jar:/Users/nirmalsahu/.m2/repository/org/seleniumhq/selenium/selenium-opera-driver/4.4.0/selenium-opera-driver-4.4.0.jar:/Users/nirmalsahu/.m2/repository/org/seleniumhq/selenium/selenium-remote-driver/4.4.0/selenium-remote-driver-4.4.0.jar:/Users/nirmalsahu/.m2/repository/io/netty/netty-buffer/4.1.78.Final/netty-buffer-4.1.78.Final.jar:/Users/nirmalsahu/.m2/repository/io/netty/netty-codec-http/4.1.78.Final/netty-codec-http-4.1.78.Final.jar:/Users/nirmalsahu/.m2/repository/io/netty/netty-codec/4.1.78.Final/netty-codec-4.1.78.Final.jar:/Users/nirmalsahu/.m2/repository/io/netty/netty-handler/4.1.78.Final/netty-handler-4.1.78.Final.jar:/Users/nirmalsahu/.m2/repository/io/netty/netty-common/4.1.78.Final/netty-common-4.1.78.Final.jar:/Users/nirmalsahu/.m2/repository/io/netty/netty-transport-classes-epoll/4.1.78.Final/netty-transport-classes-epoll-4.1.78.Final.jar:/Users/nirmalsahu/.m2/repository/io/netty/netty-transport-classes-kqueue/4.1.78.Final/netty-transport-classes-kqueue-4.1.78.Final.jar:/Users/nirmalsahu/.m2/repository/io/netty/netty-transport-native-epoll/4.1.78.Final/netty-transport-native-epoll-4.1.78.Final.jar:/Users/nirmalsahu/.m2/repository/io/netty/netty-transport-native-kqueue/4.1.78.Final/netty-transport-native-kqueue-4.1.78.Final.jar:/Users/nirmalsahu/.m2/repository/io/netty/netty-transport-native-unix-common/4.1.78.Final/netty-transport-native-unix-common-4.1.78.Final.jar:/Users/nirmalsahu/.m2/repository/io/netty/netty-transport/4.1.78.Final/netty-transport-4.1.78.Final.jar:/Users/nirmalsahu/.m2/repository/io/netty/netty-resolver/4.1.78.Final/netty-resolver-4.1.78.Final.jar:/Users/nirmalsahu/.m2/repository/io/opentelemetry/opentelemetry-api/1.16.0/opentelemetry-api-1.16.0.jar:/Users/nirmalsahu/.m2/repository/io/opentelemetry/opentelemetry-context/1.16.0/opentelemetry-context-1.16.0.jar:/Users/nirmalsahu/.m2/repository/io/opentelemetry/opentelemetry-exporter-logging/1.16.0/opentelemetry-exporter-logging-1.16.0.jar:/Users/nirmalsahu/.m2/repository/io/opentelemetry/opentelemetry-sdk-metrics/1.16.0/opentelemetry-sdk-metrics-1.16.0.jar:/Users/nirmalsahu/.m2/repository/io/opentelemetry/opentelemetry-sdk-logs/1.16.0-alpha/opentelemetry-sdk-logs-1.16.0-alpha.jar:/Users/nirmalsahu/.m2/repository/io/opentelemetry/opentelemetry-sdk-common/1.16.0/opentelemetry-sdk-common-1.16.0.jar:/Users/nirmalsahu/.m2/repository/io/opentelemetry/opentelemetry-sdk-extension-autoconfigure-spi/1.16.0/opentelemetry-sdk-extension-autoconfigure-spi-1.16.0.jar:/Users/nirmalsahu/.m2/repository/io/opentelemetry/opentelemetry-sdk-extension-autoconfigure/1.16.0-alpha/opentelemetry-sdk-extension-autoconfigure-1.16.0-alpha.jar:/Users/nirmalsahu/.m2/repository/io/opentelemetry/opentelemetry-sdk-trace/1.16.0/opentelemetry-sdk-trace-1.16.0.jar:/Users/nirmalsahu/.m2/repository/io/opentelemetry/opentelemetry-sdk/1.16.0/opentelemetry-sdk-1.16.0.jar:/Users/nirmalsahu/.m2/repository/io/opentelemetry/opentelemetry-semconv/1.16.0-alpha/opentelemetry-semconv-1.16.0-alpha.jar:/Users/nirmalsahu/.m2/repository/io/ous/jtoml/2.0.0/jtoml-2.0.0.jar:/Users/nirmalsahu/.m2/repository/net/bytebuddy/byte-buddy/1.12.10/byte-buddy-1.12.10.jar:/Users/nirmalsahu/.m2/repository/org/apache/commons/commons-exec/1.3/commons-exec-1.3.jar:/Users/nirmalsahu/.m2/repository/org/asynchttpclient/async-http-client/2.12.3/async-http-client-2.12.3.jar:/Users/nirmalsahu/.m2/repository/org/asynchttpclient/async-http-client-netty-utils/2.12.3/async-http-client-netty-utils-2.12.3.jar:/Users/nirmalsahu/.m2/repository/io/netty/netty-codec-socks/4.1.60.Final/netty-codec-socks-4.1.60.Final.jar:/Users/nirmalsahu/.m2/repository/io/netty/netty-handler-proxy/4.1.60.Final/netty-handler-proxy-4.1.60.Final.jar:/Users/nirmalsahu/.m2/repository/io/netty/netty-transport-native-epoll/4.1.60.Final/netty-transport-native-epoll-4.1.60.Final-linux-x86_64.jar:/Users/nirmalsahu/.m2/repository/io/netty/netty-transport-native-kqueue/4.1.60.Final/netty-transport-native-kqueue-4.1.60.Final-osx-x86_64.jar:/Users/nirmalsahu/.m2/repository/com/typesafe/netty/netty-reactive-streams/2.0.4/netty-reactive-streams-2.0.4.jar:/Users/nirmalsahu/.m2/repository/com/sun/activation/jakarta.activation/1.2.2/jakarta.activation-1.2.2.jar:/Users/nirmalsahu/.m2/repository/org/seleniumhq/selenium/selenium-http/4.4.0/selenium-http-4.4.0.jar:/Users/nirmalsahu/.m2/repository/dev/failsafe/failsafe/3.2.4/failsafe-3.2.4.jar:/Users/nirmalsahu/.m2/repository/org/seleniumhq/selenium/selenium-safari-driver/4.4.0/selenium-safari-driver-4.4.0.jar:/Users/nirmalsahu/.m2/repository/org/seleniumhq/selenium/selenium-support/4.4.0/selenium-support-4.4.0.jar:/Users/nirmalsahu/.m2/repository/io/cucumber/cucumber-picocontainer/7.8.0/cucumber-picocontainer-7.8.0.jar:/Users/nirmalsahu/.m2/repository/org/picocontainer/picocontainer/2.15/picocontainer-2.15.jar:/Users/nirmalsahu/.m2/repository/com/aventstack/extentreports/5.0.9/extentreports-5.0.9.jar:/Users/nirmalsahu/.m2/repository/io/reactivex/rxjava3/rxjava/3.0.4/rxjava-3.0.4.jar:/Users/nirmalsahu/.m2/repository/org/reactivestreams/reactive-streams/1.0.3/reactive-streams-1.0.3.jar:/Users/nirmalsahu/.m2/repository/org/freemarker/freemarker/2.3.30/freemarker-2.3.30.jar:/Users/nirmalsahu/.m2/repository/org/projectlombok/lombok/1.18.12/lombok-1.18.12.jar:/Users/nirmalsahu/.m2/repository/com/google/code/gson/gson/2.8.6/gson-2.8.6.jar:/Users/nirmalsahu/.m2/repository/tech/grasshopper/extentreports-cucumber7-adapter/1.9.2/extentreports-cucumber7-adapter-1.9.2.jar:/Users/nirmalsahu/.m2/repository/tech/grasshopper/extent-pdf-report/2.9.1/extent-pdf-report-2.9.1.jar:/Users/nirmalsahu/.m2/repository/tech/grasshopper/cucumber-pdf-report/2.11.1/cucumber-pdf-report-2.11.1.jar:/Users/nirmalsahu/.m2/repository/org/apache/pdfbox/pdfbox/2.0.26/pdfbox-2.0.26.jar:/Users/nirmalsahu/.m2/repository/org/apache/pdfbox/fontbox/2.0.26/fontbox-2.0.26.jar:/Users/nirmalsahu/.m2/repository/org/knowm/xchart/xchart/3.8.0/xchart-3.8.0.jar:/Users/nirmalsahu/.m2/repository/de/erichseifert/vectorgraphics2d/VectorGraphics2D/0.13/VectorGraphics2D-0.13.jar:/Users/nirmalsahu/.m2/repository/de/rototor/pdfbox/graphics2d/0.30/graphics2d-0.30.jar:/Users/nirmalsahu/.m2/repository/com/madgag/animated-gif-lib/1.4/animated-gif-lib-1.4.jar:/Users/nirmalsahu/.m2/repository/org/yaml/snakeyaml/1.28/snakeyaml-1.28.jar:/Users/nirmalsahu/.m2/repository/tech/grasshopper/table-layout/1.5.1/table-layout-1.5.1.jar:/Users/nirmalsahu/.m2/repository/tech/grasshopper/rest-assured-cucumber-pdf-report/1.4.1/rest-assured-cucumber-pdf-report-1.4.1.jar:/Users/nirmalsahu/.m2/repository/org/jsoup/jsoup/1.15.3/jsoup-1.15.3.jar:/Users/nirmalsahu/.m2/repository/com/aventstack/klov-reporter/5.0.9/klov-reporter-5.0.9.jar:/Users/nirmalsahu/.m2/repository/org/mongodb/mongodb-driver/3.6.4/mongodb-driver-3.6.4.jar:/Users/nirmalsahu/.m2/repository/org/mongodb/mongodb-driver-core/3.6.4/mongodb-driver-core-3.6.4.jar:/Users/nirmalsahu/.m2/repository/org/mongodb/bson/3.6.4/bson-3.6.4.jar:/Users/nirmalsahu/.m2/repository/org/apache/httpcomponents/httpclient/4.5.13/httpclient-4.5.13.jar:/Users/nirmalsahu/.m2/repository/org/apache/httpcomponents/httpcore/4.4.13/httpcore-4.4.13.jar:/Users/nirmalsahu/.m2/repository/commons-logging/commons-logging/1.2/commons-logging-1.2.jar:/Users/nirmalsahu/.m2/repository/commons-codec/commons-codec/1.11/commons-codec-1.11.jar:/Users/nirmalsahu/.m2/repository/org/apache/httpcomponents/httpmime/4.5.13/httpmime-4.5.13.jar:/Users/nirmalsahu/.m2/repository/tech/grasshopper/htmlextentreporter/1.0.1/htmlextentreporter-1.0.1.jar:/Users/nirmalsahu/.m2/repository/commons-io/commons-io/2.11.0/commons-io-2.11.0.jar:"/>
    <property name="java.vm.vendor" value="Homebrew"/>
    <property name="sun.arch.data.model" value="64"/>
    <property name="java.vendor.url" value="https://github.com/Homebrew/homebrew-core/issues"/>
    <property name="user.timezone" value="America/New_York"/>
    <property name="os.name" value="Mac OS X"/>
    <property name="java.vm.specification.version" value="17"/>
    <property name="sun.java.launcher" value="SUN_STANDARD"/>
    <property name="user.country" value="US"/>
    <property name="sun.boot.library.path" value="/opt/homebrew/Cellar/openjdk@17/17.0.5/libexec/openjdk.jdk/Contents/Home/lib"/>
    <property name="sun.java.command" value="/Users/nirmalsahu/eclipse-workspace/CucumberSelenium/target/surefire/surefirebooter5176615531214349891.jar /Users/nirmalsahu/eclipse-workspace/CucumberSelenium/target/surefire 2023-01-18T01-16-42_691-jvmRun1 surefire3771075177931792401tmp surefire_09379165033238977745tmp"/>
    <property name="http.nonProxyHosts" value="local|*.local|169.254/16|*.169.254/16"/>
    <property name="jdk.debug" value="release"/>
    <property name="surefire.test.class.path" value="/Users/nirmalsahu/eclipse-workspace/CucumberSelenium/target/test-classes:/Users/nirmalsahu/eclipse-workspace/CucumberSelenium/target/classes:/Users/nirmalsahu/.m2/repository/io/cucumber/cucumber-java/7.8.0/cucumber-java-7.8.0.jar:/Users/nirmalsahu/.m2/repository/io/cucumber/cucumber-core/7.8.0/cucumber-core-7.8.0.jar:/Users/nirmalsahu/.m2/repository/io/cucumber/cucumber-gherkin/7.8.0/cucumber-gherkin-7.8.0.jar:/Users/nirmalsahu/.m2/repository/io/cucumber/cucumber-gherkin-messages/7.8.0/cucumber-gherkin-messages-7.8.0.jar:/Users/nirmalsahu/.m2/repository/io/cucumber/gherkin/24.0.0/gherkin-24.0.0.jar:/Users/nirmalsahu/.m2/repository/io/cucumber/messages/19.1.2/messages-19.1.2.jar:/Users/nirmalsahu/.m2/repository/io/cucumber/tag-expressions/4.1.0/tag-expressions-4.1.0.jar:/Users/nirmalsahu/.m2/repository/io/cucumber/cucumber-expressions/16.0.0/cucumber-expressions-16.0.0.jar:/Users/nirmalsahu/.m2/repository/io/cucumber/datatable/7.8.0/datatable-7.8.0.jar:/Users/nirmalsahu/.m2/repository/io/cucumber/cucumber-plugin/7.8.0/cucumber-plugin-7.8.0.jar:/Users/nirmalsahu/.m2/repository/io/cucumber/docstring/7.8.0/docstring-7.8.0.jar:/Users/nirmalsahu/.m2/repository/io/cucumber/html-formatter/20.1.0/html-formatter-20.1.0.jar:/Users/nirmalsahu/.m2/repository/io/cucumber/ci-environment/9.1.0/ci-environment-9.1.0.jar:/Users/nirmalsahu/.m2/repository/org/apiguardian/apiguardian-api/1.1.2/apiguardian-api-1.1.2.jar:/Users/nirmalsahu/.m2/repository/io/cucumber/cucumber-testng/7.8.0/cucumber-testng-7.8.0.jar:/Users/nirmalsahu/.m2/repository/org/testng/testng/7.6.1/testng-7.6.1.jar:/Users/nirmalsahu/.m2/repository/com/google/code/findbugs/jsr305/3.0.2/jsr305-3.0.2.jar:/Users/nirmalsahu/.m2/repository/org/slf4j/slf4j-api/1.7.36/slf4j-api-1.7.36.jar:/Users/nirmalsahu/.m2/repository/com/beust/jcommander/1.82/jcommander-1.82.jar:/Users/nirmalsahu/.m2/repository/org/webjars/jquery/3.6.0/jquery-3.6.0.jar:/Users/nirmalsahu/.m2/repository/org/seleniumhq/selenium/selenium-java/4.4.0/selenium-java-4.4.0.jar:/Users/nirmalsahu/.m2/repository/org/seleniumhq/selenium/selenium-api/4.4.0/selenium-api-4.4.0.jar:/Users/nirmalsahu/.m2/repository/org/seleniumhq/selenium/selenium-chrome-driver/4.4.0/selenium-chrome-driver-4.4.0.jar:/Users/nirmalsahu/.m2/repository/com/google/auto/service/auto-service-annotations/1.0.1/auto-service-annotations-1.0.1.jar:/Users/nirmalsahu/.m2/repository/com/google/auto/service/auto-service/1.0.1/auto-service-1.0.1.jar:/Users/nirmalsahu/.m2/repository/com/google/auto/auto-common/1.2/auto-common-1.2.jar:/Users/nirmalsahu/.m2/repository/com/google/guava/guava/31.1-jre/guava-31.1-jre.jar:/Users/nirmalsahu/.m2/repository/com/google/guava/failureaccess/1.0.1/failureaccess-1.0.1.jar:/Users/nirmalsahu/.m2/repository/com/google/guava/listenablefuture/9999.0-empty-to-avoid-conflict-with-guava/listenablefuture-9999.0-empty-to-avoid-conflict-with-guava.jar:/Users/nirmalsahu/.m2/repository/org/checkerframework/checker-qual/3.12.0/checker-qual-3.12.0.jar:/Users/nirmalsahu/.m2/repository/com/google/errorprone/error_prone_annotations/2.11.0/error_prone_annotations-2.11.0.jar:/Users/nirmalsahu/.m2/repository/com/google/j2objc/j2objc-annotations/1.3/j2objc-annotations-1.3.jar:/Users/nirmalsahu/.m2/repository/org/seleniumhq/selenium/selenium-chromium-driver/4.4.0/selenium-chromium-driver-4.4.0.jar:/Users/nirmalsahu/.m2/repository/org/seleniumhq/selenium/selenium-json/4.4.0/selenium-json-4.4.0.jar:/Users/nirmalsahu/.m2/repository/org/seleniumhq/selenium/selenium-devtools-v102/4.4.0/selenium-devtools-v102-4.4.0.jar:/Users/nirmalsahu/.m2/repository/org/seleniumhq/selenium/selenium-devtools-v103/4.4.0/selenium-devtools-v103-4.4.0.jar:/Users/nirmalsahu/.m2/repository/org/seleniumhq/selenium/selenium-devtools-v104/4.4.0/selenium-devtools-v104-4.4.0.jar:/Users/nirmalsahu/.m2/repository/org/seleniumhq/selenium/selenium-devtools-v85/4.4.0/selenium-devtools-v85-4.4.0.jar:/Users/nirmalsahu/.m2/repository/org/seleniumhq/selenium/selenium-edge-driver/4.4.0/selenium-edge-driver-4.4.0.jar:/Users/nirmalsahu/.m2/repository/org/seleniumhq/selenium/selenium-firefox-driver/4.4.0/selenium-firefox-driver-4.4.0.jar:/Users/nirmalsahu/.m2/repository/org/seleniumhq/selenium/selenium-ie-driver/4.4.0/selenium-ie-driver-4.4.0.jar:/Users/nirmalsahu/.m2/repository/org/seleniumhq/selenium/selenium-opera-driver/4.4.0/selenium-opera-driver-4.4.0.jar:/Users/nirmalsahu/.m2/repository/org/seleniumhq/selenium/selenium-remote-driver/4.4.0/selenium-remote-driver-4.4.0.jar:/Users/nirmalsahu/.m2/repository/io/netty/netty-buffer/4.1.78.Final/netty-buffer-4.1.78.Final.jar:/Users/nirmalsahu/.m2/repository/io/netty/netty-codec-http/4.1.78.Final/netty-codec-http-4.1.78.Final.jar:/Users/nirmalsahu/.m2/repository/io/netty/netty-codec/4.1.78.Final/netty-codec-4.1.78.Final.jar:/Users/nirmalsahu/.m2/repository/io/netty/netty-handler/4.1.78.Final/netty-handler-4.1.78.Final.jar:/Users/nirmalsahu/.m2/repository/io/netty/netty-common/4.1.78.Final/netty-common-4.1.78.Final.jar:/Users/nirmalsahu/.m2/repository/io/netty/netty-transport-classes-epoll/4.1.78.Final/netty-transport-classes-epoll-4.1.78.Final.jar:/Users/nirmalsahu/.m2/repository/io/netty/netty-transport-classes-kqueue/4.1.78.Final/netty-transport-classes-kqueue-4.1.78.Final.jar:/Users/nirmalsahu/.m2/repository/io/netty/netty-transport-native-epoll/4.1.78.Final/netty-transport-native-epoll-4.1.78.Final.jar:/Users/nirmalsahu/.m2/repository/io/netty/netty-transport-native-kqueue/4.1.78.Final/netty-transport-native-kqueue-4.1.78.Final.jar:/Users/nirmalsahu/.m2/repository/io/netty/netty-transport-native-unix-common/4.1.78.Final/netty-transport-native-unix-common-4.1.78.Final.jar:/Users/nirmalsahu/.m2/repository/io/netty/netty-transport/4.1.78.Final/netty-transport-4.1.78.Final.jar:/Users/nirmalsahu/.m2/repository/io/netty/netty-resolver/4.1.78.Final/netty-resolver-4.1.78.Final.jar:/Users/nirmalsahu/.m2/repository/io/opentelemetry/opentelemetry-api/1.16.0/opentelemetry-api-1.16.0.jar:/Users/nirmalsahu/.m2/repository/io/opentelemetry/opentelemetry-context/1.16.0/opentelemetry-context-1.16.0.jar:/Users/nirmalsahu/.m2/repository/io/opentelemetry/opentelemetry-exporter-logging/1.16.0/opentelemetry-exporter-logging-1.16.0.jar:/Users/nirmalsahu/.m2/repository/io/opentelemetry/opentelemetry-sdk-metrics/1.16.0/opentelemetry-sdk-metrics-1.16.0.jar:/Users/nirmalsahu/.m2/repository/io/opentelemetry/opentelemetry-sdk-logs/1.16.0-alpha/opentelemetry-sdk-logs-1.16.0-alpha.jar:/Users/nirmalsahu/.m2/repository/io/opentelemetry/opentelemetry-sdk-common/1.16.0/opentelemetry-sdk-common-1.16.0.jar:/Users/nirmalsahu/.m2/repository/io/opentelemetry/opentelemetry-sdk-extension-autoconfigure-spi/1.16.0/opentelemetry-sdk-extension-autoconfigure-spi-1.16.0.jar:/Users/nirmalsahu/.m2/repository/io/opentelemetry/opentelemetry-sdk-extension-autoconfigure/1.16.0-alpha/opentelemetry-sdk-extension-autoconfigure-1.16.0-alpha.jar:/Users/nirmalsahu/.m2/repository/io/opentelemetry/opentelemetry-sdk-trace/1.16.0/opentelemetry-sdk-trace-1.16.0.jar:/Users/nirmalsahu/.m2/repository/io/opentelemetry/opentelemetry-sdk/1.16.0/opentelemetry-sdk-1.16.0.jar:/Users/nirmalsahu/.m2/repository/io/opentelemetry/opentelemetry-semconv/1.16.0-alpha/opentelemetry-semconv-1.16.0-alpha.jar:/Users/nirmalsahu/.m2/repository/io/ous/jtoml/2.0.0/jtoml-2.0.0.jar:/Users/nirmalsahu/.m2/repository/net/bytebuddy/byte-buddy/1.12.10/byte-buddy-1.12.10.jar:/Users/nirmalsahu/.m2/repository/org/apache/commons/commons-exec/1.3/commons-exec-1.3.jar:/Users/nirmalsahu/.m2/repository/org/asynchttpclient/async-http-client/2.12.3/async-http-client-2.12.3.jar:/Users/nirmalsahu/.m2/repository/org/asynchttpclient/async-http-client-netty-utils/2.12.3/async-http-client-netty-utils-2.12.3.jar:/Users/nirmalsahu/.m2/repository/io/netty/netty-codec-socks/4.1.60.Final/netty-codec-socks-4.1.60.Final.jar:/Users/nirmalsahu/.m2/repository/io/netty/netty-handler-proxy/4.1.60.Final/netty-handler-proxy-4.1.60.Final.jar:/Users/nirmalsahu/.m2/repository/io/netty/netty-transport-native-epoll/4.1.60.Final/netty-transport-native-epoll-4.1.60.Final-linux-x86_64.jar:/Users/nirmalsahu/.m2/repository/io/netty/netty-transport-native-kqueue/4.1.60.Final/netty-transport-native-kqueue-4.1.60.Final-osx-x86_64.jar:/Users/nirmalsahu/.m2/repository/com/typesafe/netty/netty-reactive-streams/2.0.4/netty-reactive-streams-2.0.4.jar:/Users/nirmalsahu/.m2/repository/com/sun/activation/jakarta.activation/1.2.2/jakarta.activation-1.2.2.jar:/Users/nirmalsahu/.m2/repository/org/seleniumhq/selenium/selenium-http/4.4.0/selenium-http-4.4.0.jar:/Users/nirmalsahu/.m2/repository/dev/failsafe/failsafe/3.2.4/failsafe-3.2.4.jar:/Users/nirmalsahu/.m2/repository/org/seleniumhq/selenium/selenium-safari-driver/4.4.0/selenium-safari-driver-4.4.0.jar:/Users/nirmalsahu/.m2/repository/org/seleniumhq/selenium/selenium-support/4.4.0/selenium-support-4.4.0.jar:/Users/nirmalsahu/.m2/repository/io/cucumber/cucumber-picocontainer/7.8.0/cucumber-picocontainer-7.8.0.jar:/Users/nirmalsahu/.m2/repository/org/picocontainer/picocontainer/2.15/picocontainer-2.15.jar:/Users/nirmalsahu/.m2/repository/com/aventstack/extentreports/5.0.9/extentreports-5.0.9.jar:/Users/nirmalsahu/.m2/repository/io/reactivex/rxjava3/rxjava/3.0.4/rxjava-3.0.4.jar:/Users/nirmalsahu/.m2/repository/org/reactivestreams/reactive-streams/1.0.3/reactive-streams-1.0.3.jar:/Users/nirmalsahu/.m2/repository/org/freemarker/freemarker/2.3.30/freemarker-2.3.30.jar:/Users/nirmalsahu/.m2/repository/org/projectlombok/lombok/1.18.12/lombok-1.18.12.jar:/Users/nirmalsahu/.m2/repository/com/google/code/gson/gson/2.8.6/gson-2.8.6.jar:/Users/nirmalsahu/.m2/repository/tech/grasshopper/extentreports-cucumber7-adapter/1.9.2/extentreports-cucumber7-adapter-1.9.2.jar:/Users/nirmalsahu/.m2/repository/tech/grasshopper/extent-pdf-report/2.9.1/extent-pdf-report-2.9.1.jar:/Users/nirmalsahu/.m2/repository/tech/grasshopper/cucumber-pdf-report/2.11.1/cucumber-pdf-report-2.11.1.jar:/Users/nirmalsahu/.m2/repository/org/apache/pdfbox/pdfbox/2.0.26/pdfbox-2.0.26.jar:/Users/nirmalsahu/.m2/repository/org/apache/pdfbox/fontbox/2.0.26/fontbox-2.0.26.jar:/Users/nirmalsahu/.m2/repository/org/knowm/xchart/xchart/3.8.0/xchart-3.8.0.jar:/Users/nirmalsahu/.m2/repository/de/erichseifert/vectorgraphics2d/VectorGraphics2D/0.13/VectorGraphics2D-0.13.jar:/Users/nirmalsahu/.m2/repository/de/rototor/pdfbox/graphics2d/0.30/graphics2d-0.30.jar:/Users/nirmalsahu/.m2/repository/com/madgag/animated-gif-lib/1.4/animated-gif-lib-1.4.jar:/Users/nirmalsahu/.m2/repository/org/yaml/snakeyaml/1.28/snakeyaml-1.28.jar:/Users/nirmalsahu/.m2/repository/tech/grasshopper/table-layout/1.5.1/table-layout-1.5.1.jar:/Users/nirmalsahu/.m2/repository/tech/grasshopper/rest-assured-cucumber-pdf-report/1.4.1/rest-assured-cucumber-pdf-report-1.4.1.jar:/Users/nirmalsahu/.m2/repository/org/jsoup/jsoup/1.15.3/jsoup-1.15.3.jar:/Users/nirmalsahu/.m2/repository/com/aventstack/klov-reporter/5.0.9/klov-reporter-5.0.9.jar:/Users/nirmalsahu/.m2/repository/org/mongodb/mongodb-driver/3.6.4/mongodb-driver-3.6.4.jar:/Users/nirmalsahu/.m2/repository/org/mongodb/mongodb-driver-core/3.6.4/mongodb-driver-core-3.6.4.jar:/Users/nirmalsahu/.m2/repository/org/mongodb/bson/3.6.4/bson-3.6.4.jar:/Users/nirmalsahu/.m2/repository/org/apache/httpcomponents/httpclient/4.5.13/httpclient-4.5.13.jar:/Users/nirmalsahu/.m2/repository/org/apache/httpcomponents/httpcore/4.4.13/httpcore-4.4.13.jar:/Users/nirmalsahu/.m2/repository/commons-logging/commons-logging/1.2/commons-logging-1.2.jar:/Users/nirmalsahu/.m2/repository/commons-codec/commons-codec/1.11/commons-codec-1.11.jar:/Users/nirmalsahu/.m2/repository/org/apache/httpcomponents/httpmime/4.5.13/httpmime-4.5.13.jar:/Users/nirmalsahu/.m2/repository/tech/grasshopper/htmlextentreporter/1.0.1/htmlextentreporter-1.0.1.jar:/Users/nirmalsahu/.m2/repository/commons-io/commons-io/2.11.0/commons-io-2.11.0.jar:"/>
    <property name="sun.cpu.endian" value="little"/>
    <property name="user.home" value="/Users/nirmalsahu"/>
    <property name="user.language" value="en"/>
    <property name="java.specification.vendor" value="Oracle Corporation"/>
    <property name="java.version.date" value="2022-10-18"/>
    <property name="java.home" value="/opt/homebrew/Cellar/openjdk@17/17.0.5/libexec/openjdk.jdk/Contents/Home"/>
    <property name="file.separator" value="/"/>
    <property name="basedir" value="/Users/nirmalsahu/eclipse-workspace/CucumberSelenium"/>
    <property name="java.vm.compressedOopsMode" value="Zero based"/>
    <property name="line.separator" value="&#10;"/>
    <property name="java.vm.specification.vendor" value="Oracle Corporation"/>
    <property name="java.specification.name" value="Java Platform API Specification"/>
    <property name="surefire.real.class.path" value="/Users/nirmalsahu/eclipse-workspace/CucumberSelenium/target/surefire/surefirebooter5176615531214349891.jar"/>
    <property name="sun.management.compiler" value="HotSpot 64-Bit Tiered Compilers"/>
    <property name="ftp.nonProxyHosts" value="local|*.local|169.254/16|*.169.254/16"/>
    <property name="java.runtime.version" value="17.0.5+0"/>
    <property name="user.name" value="nirmalsahu"/>
    <property name="path.separator" value=":"/>
    <property name="os.version" value="13.0.1"/>
    <property name="java.runtime.name" value="OpenJDK Runtime Environment"/>
    <property name="file.encoding" value="UTF-8"/>
    <property name="java.vm.name" value="OpenJDK 64-Bit Server VM"/>
    <property name="java.vendor.version" value="Homebrew"/>
    <property name="localRepository" value="/Users/nirmalsahu/.m2/repository"/>
    <property name="java.vendor.url.bug" value="https://github.com/Homebrew/homebrew-core/issues"/>
    <property name="java.io.tmpdir" value="/var/folders/06/yds46s1s1bg_j9l1g7vk30tc0000gn/T/"/>
    <property name="java.version" value="17.0.5"/>
    <property name="cucumber.filter.tags" value="@kart"/>
    <property name="user.dir" value="/Users/nirmalsahu/eclipse-workspace/CucumberSelenium"/>
    <property name="os.arch" value="aarch64"/>
    <property name="java.vm.specification.name" value="Java Virtual Machine Specification"/>
    <property name="native.encoding" value="UTF-8"/>
    <property name="java.library.path" value="/Users/nirmalsahu/Library/Java/Extensions:/Library/Java/Extensions:/Network/Library/Java/Extensions:/System/Library/Java/Extensions:/usr/lib/java:."/>
    <property name="java.vm.info" value="mixed mode, sharing"/>
    <property name="java.vendor" value="Homebrew"/>
    <property name="java.vm.version" value="17.0.5+0"/>
    <property name="sun.io.unicode.encoding" value="UnicodeBig"/>
    <property name="socksNonProxyHosts" value="local|*.local|169.254/16|*.169.254/16"/>
    <property name="java.class.version" value="61.0"/>
  </properties>
  <testcase name="runScenario[&quot;Search experience for product search in both home and offer page&quot;, &quot;Search and place the order&quot;](1)" classname="cucumberOptions.TestNGTestRunner" time="14.647">
    <system-out><![CDATA[given executed
when executed
Tomato is extracted from home page
Tomato is extracted from offer page**
then executed
offerPageProductName- Tomato
testContextSetup.landingPageProductName- Tomato
And then executed
]]></system-out>
    <system-err><![CDATA[SLF4J: Failed to load class "org.slf4j.impl.StaticLoggerBinder".
SLF4J: Defaulting to no-operation (NOP) logger implementation
SLF4J: See http://www.slf4j.org/codes.html#StaticLoggerBinder for further details.
Starting ChromeDriver 108.0.5359.71 (1e0e3868ee06e91ad636a874420e3ca3ae3756ac-refs/branch-heads/5359@{#1016}) on port 62297
Only local connections are allowed.
Please see https://chromedriver.chromium.org/security-considerations for suggestions on keeping ChromeDriver safe.
ChromeDriver was started successfully.
[1674022606.184][WARNING]: This version of ChromeDriver has not been tested with Chrome version 109.
Jan 18, 2023 1:16:46 AM org.openqa.selenium.remote.ProtocolHandshake createSession
INFO: Detected upstream dialect: W3C
Jan 18, 2023 1:16:46 AM org.openqa.selenium.devtools.CdpVersionFinder findNearestMatch
WARNING: Unable to find an exact match for CDP version 109, so returning the closest version found: a no-op implementation
Jan 18, 2023 1:16:46 AM org.openqa.selenium.devtools.CdpVersionFinder findNearestMatch
INFO: Unable to find CDP implementation matching 109.
Jan 18, 2023 1:16:46 AM org.openqa.selenium.chromium.ChromiumDriver lambda$new$3
WARNING: Unable to find version of CDP to use for . You may need to include a dependency on a specific version of the CDP using something similar to `org.seleniumhq.selenium:selenium-devtools-v86:4.4.0` where the version ("v86") matches the version of the chromium-based browser you're using and the version number of the artifact is the same as Selenium's.
]]></system-err>
  </testcase>
</testsuite>