<?xml version="1.0" encoding="UTF-8"?>
<!-- Generated by org.testng.reporters.JUnitReportReporter -->
<testsuite hostname="Nirmals-MBP.fios-router.home" failures="0" tests="1" name="cucumberOptions.TestNGTestRunner" time="14.628" errors="0" timestamp="2023-01-18T01:16:59 EST" skipped="0">
  <testcase classname="cucumberOptions.TestNGTestRunner" name="runScenario" time="14.628"/>
  <system-out/>
</testsuite> <!-- cucumberOptions.TestNGTestRunner -->
